[debug] [2021-01-28T10:50:44.904Z] ----------------------------------------------------------------------
[debug] [2021-01-28T10:50:44.908Z] Command:       /usr/bin/node /usr/bin/firebase deploy
[debug] [2021-01-28T10:50:44.909Z] CLI Version:   9.2.2
[debug] [2021-01-28T10:50:44.909Z] Platform:      linux
[debug] [2021-01-28T10:50:44.909Z] Node Version:  v14.15.4
[debug] [2021-01-28T10:50:44.910Z] Time:          Thu Jan 28 2021 15:50:44 GMT+0500 (Pakistan Standard Time)
[debug] [2021-01-28T10:50:44.910Z] ----------------------------------------------------------------------
[debug] [2021-01-28T10:50:44.910Z] 
[debug] [2021-01-28T10:50:44.966Z] > command requires scopes: ["email","openid","https://www.googleapis.com/auth/cloudplatformprojects.readonly","https://www.googleapis.com/auth/firebase","https://www.googleapis.com/auth/cloud-platform"]
[debug] [2021-01-28T10:50:44.967Z] > authorizing via signed-in user
[debug] [2021-01-28T10:50:44.967Z] [iam] checking project evernote-93089 for permissions ["firebase.projects.get","firebasehosting.sites.update"]
[debug] [2021-01-28T10:50:44.971Z] >>> HTTP REQUEST POST https://cloudresourcemanager.googleapis.com/v1/projects/evernote-93089:testIamPermissions  
 {"permissions":["firebase.projects.get","firebasehosting.sites.update"]}
[debug] [2021-01-28T10:50:46.790Z] <<< HTTP RESPONSE 200 {"content-type":"application/json; charset=UTF-8","vary":"X-Origin, Referer, Origin,Accept-Encoding","date":"Thu, 28 Jan 2021 10:50:46 GMT","server":"ESF","cache-control":"private","x-xss-protection":"0","x-frame-options":"SAMEORIGIN","x-content-type-options":"nosniff","server-timing":"gfet4t7; dur=1205","alt-svc":"h3-29=\":443\"; ma=2592000,h3-T051=\":443\"; ma=2592000,h3-Q050=\":443\"; ma=2592000,h3-Q046=\":443\"; ma=2592000,h3-Q043=\":443\"; ma=2592000,quic=\":443\"; ma=2592000; v=\"46,43\"","accept-ranges":"none","transfer-encoding":"chunked"}
[debug] [2021-01-28T10:50:46.796Z] > refreshing access token with scopes: []
[debug] [2021-01-28T10:50:46.797Z] >>> HTTP REQUEST POST https://www.googleapis.com/oauth2/v3/token  
 <request body omitted>
[debug] [2021-01-28T10:50:47.343Z] <<< HTTP RESPONSE 200 {"expires":"Mon, 01 Jan 1990 00:00:00 GMT","date":"Thu, 28 Jan 2021 10:50:47 GMT","pragma":"no-cache","cache-control":"no-cache, no-store, max-age=0, must-revalidate","content-type":"application/json; charset=utf-8","vary":"X-Origin, Referer, Origin,Accept-Encoding","server":"scaffolding on HTTPServer2","x-xss-protection":"0","x-frame-options":"SAMEORIGIN","x-content-type-options":"nosniff","alt-svc":"h3-29=\":443\"; ma=2592000,h3-T051=\":443\"; ma=2592000,h3-Q050=\":443\"; ma=2592000,h3-Q046=\":443\"; ma=2592000,h3-Q043=\":443\"; ma=2592000,quic=\":443\"; ma=2592000; v=\"46,43\"","accept-ranges":"none","transfer-encoding":"chunked"}
[debug] [2021-01-28T10:50:47.411Z] >>> [apiv2][query] GET https://firebase.googleapis.com/v1beta1/projects/evernote-93089 [none]
[debug] [2021-01-28T10:50:48.064Z] <<< [apiv2][status] GET https://firebase.googleapis.com/v1beta1/projects/evernote-93089 200
[debug] [2021-01-28T10:50:48.064Z] <<< [apiv2][body] GET https://firebase.googleapis.com/v1beta1/projects/evernote-93089 {"projectId":"evernote-93089","projectNumber":"696705001594","displayName":"evernote","name":"projects/evernote-93089","resources":{"hostingSite":"evernote-93089","storageBucket":"evernote-93089.appspot.com","locationId":"us-central"},"state":"ACTIVE"}
[info] 
[info] === Deploying to 'evernote-93089'...
[info] 
[info] i  deploying hosting 
[debug] [2021-01-28T10:50:48.068Z] > refreshing access token with scopes: ["email","https://www.googleapis.com/auth/cloud-platform","https://www.googleapis.com/auth/cloudplatformprojects.readonly","https://www.googleapis.com/auth/firebase","openid"]
[debug] [2021-01-28T10:50:48.068Z] >>> HTTP REQUEST POST https://www.googleapis.com/oauth2/v3/token  
 <request body omitted>
[debug] [2021-01-28T10:50:48.522Z] <<< HTTP RESPONSE 200 {"date":"Thu, 28 Jan 2021 10:50:48 GMT","cache-control":"no-cache, no-store, max-age=0, must-revalidate","expires":"Mon, 01 Jan 1990 00:00:00 GMT","pragma":"no-cache","content-type":"application/json; charset=utf-8","vary":"X-Origin, Referer, Origin,Accept-Encoding","server":"scaffolding on HTTPServer2","x-xss-protection":"0","x-frame-options":"SAMEORIGIN","x-content-type-options":"nosniff","alt-svc":"h3-29=\":443\"; ma=2592000,h3-T051=\":443\"; ma=2592000,h3-Q050=\":443\"; ma=2592000,h3-Q046=\":443\"; ma=2592000,h3-Q043=\":443\"; ma=2592000,quic=\":443\"; ma=2592000; v=\"46,43\"","accept-ranges":"none","transfer-encoding":"chunked"}
[debug] [2021-01-28T10:50:48.566Z] >>> HTTP REQUEST POST https://firebasehosting.googleapis.com/v1beta1/sites/evernote-93089/versions  
 {"config":{"rewrites":[{"glob":"**","path":"/index.html"}]},"labels":{"deployment-tool":"cli-firebase"}}
[debug] [2021-01-28T10:50:50.894Z] <<< HTTP RESPONSE 200 {"content-type":"application/json; charset=UTF-8","vary":"X-Origin, Referer, Origin,Accept-Encoding","date":"Thu, 28 Jan 2021 10:50:50 GMT","server":"ESF","cache-control":"private","x-xss-protection":"0","x-frame-options":"SAMEORIGIN","x-content-type-options":"nosniff","alt-svc":"h3-29=\":443\"; ma=2592000,h3-T051=\":443\"; ma=2592000,h3-Q050=\":443\"; ma=2592000,h3-Q046=\":443\"; ma=2592000,h3-Q043=\":443\"; ma=2592000,quic=\":443\"; ma=2592000; v=\"46,43\"","accept-ranges":"none","transfer-encoding":"chunked"}
[info] i  hosting[evernote-93089]: beginning deploy... 
[info] i  hosting[evernote-93089]: found 18 files in build 
[debug] [2021-01-28T10:50:51.730Z] > refreshing access token with scopes: []
[debug] [2021-01-28T10:50:51.731Z] >>> HTTP REQUEST POST https://www.googleapis.com/oauth2/v3/token  
 <request body omitted>
[debug] [2021-01-28T10:50:51.733Z] [hosting] hash cache [YnVpbGQ] stored for 18 files
[debug] [2021-01-28T10:50:51.734Z] [hosting][hash queue][FINAL] {"max":749,"min":21,"avg":66.55555555555556,"active":0,"complete":18,"success":18,"errored":0,"retried":0,"total":18,"elapsed":759}
[debug] [2021-01-28T10:50:52.209Z] <<< HTTP RESPONSE 200 {"expires":"Mon, 01 Jan 1990 00:00:00 GMT","pragma":"no-cache","date":"Thu, 28 Jan 2021 10:50:52 GMT","cache-control":"no-cache, no-store, max-age=0, must-revalidate","content-type":"application/json; charset=utf-8","vary":"X-Origin, Referer, Origin,Accept-Encoding","server":"scaffolding on HTTPServer2","x-xss-protection":"0","x-frame-options":"SAMEORIGIN","x-content-type-options":"nosniff","alt-svc":"h3-29=\":443\"; ma=2592000,h3-T051=\":443\"; ma=2592000,h3-Q050=\":443\"; ma=2592000,h3-Q046=\":443\"; ma=2592000,h3-Q043=\":443\"; ma=2592000,quic=\":443\"; ma=2592000; v=\"46,43\"","accept-ranges":"none","transfer-encoding":"chunked"}
[debug] [2021-01-28T10:50:52.282Z] >>> [apiv2][query] POST https://firebasehosting.googleapis.com/v1beta1/sites/evernote-93089/versions/8815c618cc832aa5:populateFiles [none]
[debug] [2021-01-28T10:50:52.282Z] >>> [apiv2][body] POST https://firebasehosting.googleapis.com/v1beta1/sites/evernote-93089/versions/8815c618cc832aa5:populateFiles {"files":{"/asset-manifest.json":"3aa923d8dd62d487575b815db41a752880aaca2919deb55520e8df0ab128b2d8","/index.html":"0bc242d7b7d0d9fa2f8840fd408a9c7bd3a0639ab7a96eee9bf5032623ac045c","/favicon.ico":"c599b7a91ab3627e3538125d9f40adc2d4bf949046984262670545dc7738af06","/static/css/main.156561a0.chunk.css":"789195c81456aaedf66e6dc982b52b3b9b16536fd57170ddf8beef067c30b129","/logo512.png":"7779210d56c1f3741e2e487799fe3092def4fa6ac450a60532b807c3a8971205","/static/css/main.156561a0.chunk.css.map":"d49e29d9b224b2e2a4470aaabc8c3aa408407cbccca6ea805a8bb59e687cee9c","/static/js/2.1e9399c2.chunk.js.LICENSE.txt":"2b60725741d8fb3ed1cf25dc37040b449dad6bfe90aa046c25ff5d3d8a706798","/manifest.json":"0958a5e0c831126100c8c2d06a6bbaa665a3900f21aaff4130238a6f5a113aa1","/static/js/3.a7a26f91.chunk.js":"c470666d540e634bd6943dabd382e1c00939a54285691f6f16352a0545f8a583","/static/js/main.f0a15410.chunk.js":"2689079809991214c18402c0443fa071b12010982fd243db48043dc64f11b629","/static/js/3.a7a26f91.chunk.js.map":"3c213b758f24638db0d5f9a3beb1b9884ecd72f8e95c6338722dd84667850b13","/static/js/runtime-main.9ae13712.js":"6e2b5639260516fbeec00bb8d86a585b36d61c43f1492162eccc322f1294bb33","/static/js/main.f0a15410.chunk.js.map":"7603ce9bd8ed0bd3f7b4ef7944aa5d979b4f377789f711929af132639576675e","/static/js/runtime-main.9ae13712.js.map":"f50932a54cd81652f3eccbf4083d18a5bcd5dd3728dd3c339cba1f855fa6cbc4","/robots.txt":"2544ca049f223a42bff01f72ad930a5edba75bbb7199d0f8430a02ff5aca16ec","/logo192.png":"76c449ccb9cd117c2f2338f091b18f7050f3210e249b2228f5c81b23f34377cd","/static/js/2.1e9399c2.chunk.js":"366073c31348ca13ffafd683552ec2e4e98c46bda13d82fe296c562898fe5157","/static/js/2.1e9399c2.chunk.js.map":"3be69329d7755ce5ab74bde2ea1492996b63ae788b7a1823964007f374c5eee2"}}
[debug] [2021-01-28T10:50:54.214Z] <<< [apiv2][status] POST https://firebasehosting.googleapis.com/v1beta1/sites/evernote-93089/versions/8815c618cc832aa5:populateFiles 200
[debug] [2021-01-28T10:50:54.215Z] <<< [apiv2][body] POST https://firebasehosting.googleapis.com/v1beta1/sites/evernote-93089/versions/8815c618cc832aa5:populateFiles {"uploadRequiredHashes":["7779210d56c1f3741e2e487799fe3092def4fa6ac450a60532b807c3a8971205","2544ca049f223a42bff01f72ad930a5edba75bbb7199d0f8430a02ff5aca16ec","f50932a54cd81652f3eccbf4083d18a5bcd5dd3728dd3c339cba1f855fa6cbc4","7603ce9bd8ed0bd3f7b4ef7944aa5d979b4f377789f711929af132639576675e","0bc242d7b7d0d9fa2f8840fd408a9c7bd3a0639ab7a96eee9bf5032623ac045c","c599b7a91ab3627e3538125d9f40adc2d4bf949046984262670545dc7738af06","789195c81456aaedf66e6dc982b52b3b9b16536fd57170ddf8beef067c30b129","d49e29d9b224b2e2a4470aaabc8c3aa408407cbccca6ea805a8bb59e687cee9c","6e2b5639260516fbeec00bb8d86a585b36d61c43f1492162eccc322f1294bb33","3be69329d7755ce5ab74bde2ea1492996b63ae788b7a1823964007f374c5eee2","0958a5e0c831126100c8c2d06a6bbaa665a3900f21aaff4130238a6f5a113aa1","2b60725741d8fb3ed1cf25dc37040b449dad6bfe90aa046c25ff5d3d8a706798","2689079809991214c18402c0443fa071b12010982fd243db48043dc64f11b629","366073c31348ca13ffafd683552ec2e4e98c46bda13d82fe296c562898fe5157","76c449ccb9cd117c2f2338f091b18f7050f3210e249b2228f5c81b23f34377cd","3aa923d8dd62d487575b815db41a752880aaca2919deb55520e8df0ab128b2d8","3c213b758f24638db0d5f9a3beb1b9884ecd72f8e95c6338722dd84667850b13","c470666d540e634bd6943dabd382e1c00939a54285691f6f16352a0545f8a583"],"uploadUrl":"https://upload-firebasehosting.googleapis.com/upload/sites/evernote-93089/versions/8815c618cc832aa5/files"}
[debug] [2021-01-28T10:50:54.223Z] >>> [apiv2][query] POST https://upload-firebasehosting.googleapis.com/upload/sites/evernote-93089/versions/8815c618cc832aa5/files/7779210d56c1f3741e2e487799fe3092def4fa6ac450a60532b807c3a8971205 [none]
[debug] [2021-01-28T10:50:54.223Z] >>> [apiv2][body] POST https://upload-firebasehosting.googleapis.com/upload/sites/evernote-93089/versions/8815c618cc832aa5/files/7779210d56c1f3741e2e487799fe3092def4fa6ac450a60532b807c3a8971205 [stream]
[debug] [2021-01-28T10:50:54.225Z] >>> [apiv2][query] POST https://upload-firebasehosting.googleapis.com/upload/sites/evernote-93089/versions/8815c618cc832aa5/files/2544ca049f223a42bff01f72ad930a5edba75bbb7199d0f8430a02ff5aca16ec [none]
[debug] [2021-01-28T10:50:54.225Z] >>> [apiv2][body] POST https://upload-firebasehosting.googleapis.com/upload/sites/evernote-93089/versions/8815c618cc832aa5/files/2544ca049f223a42bff01f72ad930a5edba75bbb7199d0f8430a02ff5aca16ec [stream]
[debug] [2021-01-28T10:50:54.226Z] >>> [apiv2][query] POST https://upload-firebasehosting.googleapis.com/upload/sites/evernote-93089/versions/8815c618cc832aa5/files/f50932a54cd81652f3eccbf4083d18a5bcd5dd3728dd3c339cba1f855fa6cbc4 [none]
[debug] [2021-01-28T10:50:54.227Z] >>> [apiv2][body] POST https://upload-firebasehosting.googleapis.com/upload/sites/evernote-93089/versions/8815c618cc832aa5/files/f50932a54cd81652f3eccbf4083d18a5bcd5dd3728dd3c339cba1f855fa6cbc4 [stream]
[debug] [2021-01-28T10:50:54.228Z] >>> [apiv2][query] POST https://upload-firebasehosting.googleapis.com/upload/sites/evernote-93089/versions/8815c618cc832aa5/files/7603ce9bd8ed0bd3f7b4ef7944aa5d979b4f377789f711929af132639576675e [none]
[debug] [2021-01-28T10:50:54.228Z] >>> [apiv2][body] POST https://upload-firebasehosting.googleapis.com/upload/sites/evernote-93089/versions/8815c618cc832aa5/files/7603ce9bd8ed0bd3f7b4ef7944aa5d979b4f377789f711929af132639576675e [stream]
[debug] [2021-01-28T10:50:54.229Z] >>> [apiv2][query] POST https://upload-firebasehosting.googleapis.com/upload/sites/evernote-93089/versions/8815c618cc832aa5/files/0bc242d7b7d0d9fa2f8840fd408a9c7bd3a0639ab7a96eee9bf5032623ac045c [none]
[debug] [2021-01-28T10:50:54.229Z] >>> [apiv2][body] POST https://upload-firebasehosting.googleapis.com/upload/sites/evernote-93089/versions/8815c618cc832aa5/files/0bc242d7b7d0d9fa2f8840fd408a9c7bd3a0639ab7a96eee9bf5032623ac045c [stream]
[debug] [2021-01-28T10:50:54.230Z] >>> [apiv2][query] POST https://upload-firebasehosting.googleapis.com/upload/sites/evernote-93089/versions/8815c618cc832aa5/files/c599b7a91ab3627e3538125d9f40adc2d4bf949046984262670545dc7738af06 [none]
[debug] [2021-01-28T10:50:54.230Z] >>> [apiv2][body] POST https://upload-firebasehosting.googleapis.com/upload/sites/evernote-93089/versions/8815c618cc832aa5/files/c599b7a91ab3627e3538125d9f40adc2d4bf949046984262670545dc7738af06 [stream]
[debug] [2021-01-28T10:50:54.231Z] >>> [apiv2][query] POST https://upload-firebasehosting.googleapis.com/upload/sites/evernote-93089/versions/8815c618cc832aa5/files/789195c81456aaedf66e6dc982b52b3b9b16536fd57170ddf8beef067c30b129 [none]
[debug] [2021-01-28T10:50:54.231Z] >>> [apiv2][body] POST https://upload-firebasehosting.googleapis.com/upload/sites/evernote-93089/versions/8815c618cc832aa5/files/789195c81456aaedf66e6dc982b52b3b9b16536fd57170ddf8beef067c30b129 [stream]
[debug] [2021-01-28T10:50:54.232Z] >>> [apiv2][query] POST https://upload-firebasehosting.googleapis.com/upload/sites/evernote-93089/versions/8815c618cc832aa5/files/d49e29d9b224b2e2a4470aaabc8c3aa408407cbccca6ea805a8bb59e687cee9c [none]
[debug] [2021-01-28T10:50:54.233Z] >>> [apiv2][body] POST https://upload-firebasehosting.googleapis.com/upload/sites/evernote-93089/versions/8815c618cc832aa5/files/d49e29d9b224b2e2a4470aaabc8c3aa408407cbccca6ea805a8bb59e687cee9c [stream]
[debug] [2021-01-28T10:50:54.234Z] >>> [apiv2][query] POST https://upload-firebasehosting.googleapis.com/upload/sites/evernote-93089/versions/8815c618cc832aa5/files/6e2b5639260516fbeec00bb8d86a585b36d61c43f1492162eccc322f1294bb33 [none]
[debug] [2021-01-28T10:50:54.234Z] >>> [apiv2][body] POST https://upload-firebasehosting.googleapis.com/upload/sites/evernote-93089/versions/8815c618cc832aa5/files/6e2b5639260516fbeec00bb8d86a585b36d61c43f1492162eccc322f1294bb33 [stream]
[debug] [2021-01-28T10:50:54.235Z] >>> [apiv2][query] POST https://upload-firebasehosting.googleapis.com/upload/sites/evernote-93089/versions/8815c618cc832aa5/files/3be69329d7755ce5ab74bde2ea1492996b63ae788b7a1823964007f374c5eee2 [none]
[debug] [2021-01-28T10:50:54.235Z] >>> [apiv2][body] POST https://upload-firebasehosting.googleapis.com/upload/sites/evernote-93089/versions/8815c618cc832aa5/files/3be69329d7755ce5ab74bde2ea1492996b63ae788b7a1823964007f374c5eee2 [stream]
[debug] [2021-01-28T10:50:54.236Z] >>> [apiv2][query] POST https://upload-firebasehosting.googleapis.com/upload/sites/evernote-93089/versions/8815c618cc832aa5/files/0958a5e0c831126100c8c2d06a6bbaa665a3900f21aaff4130238a6f5a113aa1 [none]
[debug] [2021-01-28T10:50:54.236Z] >>> [apiv2][body] POST https://upload-firebasehosting.googleapis.com/upload/sites/evernote-93089/versions/8815c618cc832aa5/files/0958a5e0c831126100c8c2d06a6bbaa665a3900f21aaff4130238a6f5a113aa1 [stream]
[debug] [2021-01-28T10:50:54.238Z] >>> [apiv2][query] POST https://upload-firebasehosting.googleapis.com/upload/sites/evernote-93089/versions/8815c618cc832aa5/files/2b60725741d8fb3ed1cf25dc37040b449dad6bfe90aa046c25ff5d3d8a706798 [none]
[debug] [2021-01-28T10:50:54.238Z] >>> [apiv2][body] POST https://upload-firebasehosting.googleapis.com/upload/sites/evernote-93089/versions/8815c618cc832aa5/files/2b60725741d8fb3ed1cf25dc37040b449dad6bfe90aa046c25ff5d3d8a706798 [stream]
[debug] [2021-01-28T10:50:54.246Z] >>> [apiv2][query] POST https://upload-firebasehosting.googleapis.com/upload/sites/evernote-93089/versions/8815c618cc832aa5/files/2689079809991214c18402c0443fa071b12010982fd243db48043dc64f11b629 [none]
[debug] [2021-01-28T10:50:54.246Z] >>> [apiv2][body] POST https://upload-firebasehosting.googleapis.com/upload/sites/evernote-93089/versions/8815c618cc832aa5/files/2689079809991214c18402c0443fa071b12010982fd243db48043dc64f11b629 [stream]
[debug] [2021-01-28T10:50:54.248Z] >>> [apiv2][query] POST https://upload-firebasehosting.googleapis.com/upload/sites/evernote-93089/versions/8815c618cc832aa5/files/366073c31348ca13ffafd683552ec2e4e98c46bda13d82fe296c562898fe5157 [none]
[debug] [2021-01-28T10:50:54.248Z] >>> [apiv2][body] POST https://upload-firebasehosting.googleapis.com/upload/sites/evernote-93089/versions/8815c618cc832aa5/files/366073c31348ca13ffafd683552ec2e4e98c46bda13d82fe296c562898fe5157 [stream]
[debug] [2021-01-28T10:50:54.249Z] >>> [apiv2][query] POST https://upload-firebasehosting.googleapis.com/upload/sites/evernote-93089/versions/8815c618cc832aa5/files/76c449ccb9cd117c2f2338f091b18f7050f3210e249b2228f5c81b23f34377cd [none]
[debug] [2021-01-28T10:50:54.250Z] >>> [apiv2][body] POST https://upload-firebasehosting.googleapis.com/upload/sites/evernote-93089/versions/8815c618cc832aa5/files/76c449ccb9cd117c2f2338f091b18f7050f3210e249b2228f5c81b23f34377cd [stream]
[debug] [2021-01-28T10:50:54.251Z] >>> [apiv2][query] POST https://upload-firebasehosting.googleapis.com/upload/sites/evernote-93089/versions/8815c618cc832aa5/files/3aa923d8dd62d487575b815db41a752880aaca2919deb55520e8df0ab128b2d8 [none]
[debug] [2021-01-28T10:50:54.251Z] >>> [apiv2][body] POST https://upload-firebasehosting.googleapis.com/upload/sites/evernote-93089/versions/8815c618cc832aa5/files/3aa923d8dd62d487575b815db41a752880aaca2919deb55520e8df0ab128b2d8 [stream]
[debug] [2021-01-28T10:50:54.252Z] >>> [apiv2][query] POST https://upload-firebasehosting.googleapis.com/upload/sites/evernote-93089/versions/8815c618cc832aa5/files/3c213b758f24638db0d5f9a3beb1b9884ecd72f8e95c6338722dd84667850b13 [none]
[debug] [2021-01-28T10:50:54.253Z] >>> [apiv2][body] POST https://upload-firebasehosting.googleapis.com/upload/sites/evernote-93089/versions/8815c618cc832aa5/files/3c213b758f24638db0d5f9a3beb1b9884ecd72f8e95c6338722dd84667850b13 [stream]
[debug] [2021-01-28T10:50:54.255Z] >>> [apiv2][query] POST https://upload-firebasehosting.googleapis.com/upload/sites/evernote-93089/versions/8815c618cc832aa5/files/c470666d540e634bd6943dabd382e1c00939a54285691f6f16352a0545f8a583 [none]
[debug] [2021-01-28T10:50:54.255Z] >>> [apiv2][body] POST https://upload-firebasehosting.googleapis.com/upload/sites/evernote-93089/versions/8815c618cc832aa5/files/c470666d540e634bd6943dabd382e1c00939a54285691f6f16352a0545f8a583 [stream]
[debug] [2021-01-28T10:50:54.258Z] [hosting][populate queue][FINAL] {"max":2493,"min":2493,"avg":2493,"active":0,"complete":1,"success":1,"errored":0,"retried":0,"total":1,"elapsed":2528}
[debug] [2021-01-28T10:50:54.259Z] [hosting] uploads queued: 18
[debug] [2021-01-28T10:50:56.711Z] <<< [apiv2][status] POST https://upload-firebasehosting.googleapis.com/upload/sites/evernote-93089/versions/8815c618cc832aa5/files/6e2b5639260516fbeec00bb8d86a585b36d61c43f1492162eccc322f1294bb33 200
[debug] [2021-01-28T10:50:56.711Z] <<< [apiv2][body] POST https://upload-firebasehosting.googleapis.com/upload/sites/evernote-93089/versions/8815c618cc832aa5/files/6e2b5639260516fbeec00bb8d86a585b36d61c43f1492162eccc322f1294bb33 [stream]
[debug] [2021-01-28T10:50:56.715Z] <<< [apiv2][status] POST https://upload-firebasehosting.googleapis.com/upload/sites/evernote-93089/versions/8815c618cc832aa5/files/f50932a54cd81652f3eccbf4083d18a5bcd5dd3728dd3c339cba1f855fa6cbc4 200
[debug] [2021-01-28T10:50:56.715Z] <<< [apiv2][body] POST https://upload-firebasehosting.googleapis.com/upload/sites/evernote-93089/versions/8815c618cc832aa5/files/f50932a54cd81652f3eccbf4083d18a5bcd5dd3728dd3c339cba1f855fa6cbc4 [stream]
[debug] [2021-01-28T10:50:56.723Z] <<< [apiv2][status] POST https://upload-firebasehosting.googleapis.com/upload/sites/evernote-93089/versions/8815c618cc832aa5/files/7603ce9bd8ed0bd3f7b4ef7944aa5d979b4f377789f711929af132639576675e 200
[debug] [2021-01-28T10:50:56.724Z] <<< [apiv2][body] POST https://upload-firebasehosting.googleapis.com/upload/sites/evernote-93089/versions/8815c618cc832aa5/files/7603ce9bd8ed0bd3f7b4ef7944aa5d979b4f377789f711929af132639576675e [stream]
[debug] [2021-01-28T10:50:56.763Z] <<< [apiv2][status] POST https://upload-firebasehosting.googleapis.com/upload/sites/evernote-93089/versions/8815c618cc832aa5/files/0bc242d7b7d0d9fa2f8840fd408a9c7bd3a0639ab7a96eee9bf5032623ac045c 200
[debug] [2021-01-28T10:50:56.763Z] <<< [apiv2][body] POST https://upload-firebasehosting.googleapis.com/upload/sites/evernote-93089/versions/8815c618cc832aa5/files/0bc242d7b7d0d9fa2f8840fd408a9c7bd3a0639ab7a96eee9bf5032623ac045c [stream]
[debug] [2021-01-28T10:50:56.780Z] <<< [apiv2][status] POST https://upload-firebasehosting.googleapis.com/upload/sites/evernote-93089/versions/8815c618cc832aa5/files/2689079809991214c18402c0443fa071b12010982fd243db48043dc64f11b629 200
[debug] [2021-01-28T10:50:56.780Z] <<< [apiv2][body] POST https://upload-firebasehosting.googleapis.com/upload/sites/evernote-93089/versions/8815c618cc832aa5/files/2689079809991214c18402c0443fa071b12010982fd243db48043dc64f11b629 [stream]
[debug] [2021-01-28T10:50:56.823Z] <<< [apiv2][status] POST https://upload-firebasehosting.googleapis.com/upload/sites/evernote-93089/versions/8815c618cc832aa5/files/789195c81456aaedf66e6dc982b52b3b9b16536fd57170ddf8beef067c30b129 200
[debug] [2021-01-28T10:50:56.824Z] <<< [apiv2][body] POST https://upload-firebasehosting.googleapis.com/upload/sites/evernote-93089/versions/8815c618cc832aa5/files/789195c81456aaedf66e6dc982b52b3b9b16536fd57170ddf8beef067c30b129 [stream]
[debug] [2021-01-28T10:50:56.847Z] <<< [apiv2][status] POST https://upload-firebasehosting.googleapis.com/upload/sites/evernote-93089/versions/8815c618cc832aa5/files/3c213b758f24638db0d5f9a3beb1b9884ecd72f8e95c6338722dd84667850b13 200
[debug] [2021-01-28T10:50:56.847Z] <<< [apiv2][body] POST https://upload-firebasehosting.googleapis.com/upload/sites/evernote-93089/versions/8815c618cc832aa5/files/3c213b758f24638db0d5f9a3beb1b9884ecd72f8e95c6338722dd84667850b13 [stream]
[debug] [2021-01-28T10:50:56.873Z] <<< [apiv2][status] POST https://upload-firebasehosting.googleapis.com/upload/sites/evernote-93089/versions/8815c618cc832aa5/files/c470666d540e634bd6943dabd382e1c00939a54285691f6f16352a0545f8a583 200
[debug] [2021-01-28T10:50:56.874Z] <<< [apiv2][body] POST https://upload-firebasehosting.googleapis.com/upload/sites/evernote-93089/versions/8815c618cc832aa5/files/c470666d540e634bd6943dabd382e1c00939a54285691f6f16352a0545f8a583 [stream]
[debug] [2021-01-28T10:50:56.971Z] <<< [apiv2][status] POST https://upload-firebasehosting.googleapis.com/upload/sites/evernote-93089/versions/8815c618cc832aa5/files/d49e29d9b224b2e2a4470aaabc8c3aa408407cbccca6ea805a8bb59e687cee9c 200
[debug] [2021-01-28T10:50:56.972Z] <<< [apiv2][body] POST https://upload-firebasehosting.googleapis.com/upload/sites/evernote-93089/versions/8815c618cc832aa5/files/d49e29d9b224b2e2a4470aaabc8c3aa408407cbccca6ea805a8bb59e687cee9c [stream]
[debug] [2021-01-28T10:50:57.007Z] <<< [apiv2][status] POST https://upload-firebasehosting.googleapis.com/upload/sites/evernote-93089/versions/8815c618cc832aa5/files/c599b7a91ab3627e3538125d9f40adc2d4bf949046984262670545dc7738af06 200
[debug] [2021-01-28T10:50:57.007Z] <<< [apiv2][body] POST https://upload-firebasehosting.googleapis.com/upload/sites/evernote-93089/versions/8815c618cc832aa5/files/c599b7a91ab3627e3538125d9f40adc2d4bf949046984262670545dc7738af06 [stream]
[debug] [2021-01-28T10:50:57.019Z] <<< [apiv2][status] POST https://upload-firebasehosting.googleapis.com/upload/sites/evernote-93089/versions/8815c618cc832aa5/files/2544ca049f223a42bff01f72ad930a5edba75bbb7199d0f8430a02ff5aca16ec 200
[debug] [2021-01-28T10:50:57.020Z] <<< [apiv2][body] POST https://upload-firebasehosting.googleapis.com/upload/sites/evernote-93089/versions/8815c618cc832aa5/files/2544ca049f223a42bff01f72ad930a5edba75bbb7199d0f8430a02ff5aca16ec [stream]
[debug] [2021-01-28T10:50:57.055Z] <<< [apiv2][status] POST https://upload-firebasehosting.googleapis.com/upload/sites/evernote-93089/versions/8815c618cc832aa5/files/7779210d56c1f3741e2e487799fe3092def4fa6ac450a60532b807c3a8971205 200
[debug] [2021-01-28T10:50:57.055Z] <<< [apiv2][body] POST https://upload-firebasehosting.googleapis.com/upload/sites/evernote-93089/versions/8815c618cc832aa5/files/7779210d56c1f3741e2e487799fe3092def4fa6ac450a60532b807c3a8971205 [stream]
[debug] [2021-01-28T10:50:57.109Z] <<< [apiv2][status] POST https://upload-firebasehosting.googleapis.com/upload/sites/evernote-93089/versions/8815c618cc832aa5/files/76c449ccb9cd117c2f2338f091b18f7050f3210e249b2228f5c81b23f34377cd 200
[debug] [2021-01-28T10:50:57.112Z] <<< [apiv2][body] POST https://upload-firebasehosting.googleapis.com/upload/sites/evernote-93089/versions/8815c618cc832aa5/files/76c449ccb9cd117c2f2338f091b18f7050f3210e249b2228f5c81b23f34377cd [stream]
[debug] [2021-01-28T10:50:57.204Z] <<< [apiv2][status] POST https://upload-firebasehosting.googleapis.com/upload/sites/evernote-93089/versions/8815c618cc832aa5/files/0958a5e0c831126100c8c2d06a6bbaa665a3900f21aaff4130238a6f5a113aa1 200
[debug] [2021-01-28T10:50:57.205Z] <<< [apiv2][body] POST https://upload-firebasehosting.googleapis.com/upload/sites/evernote-93089/versions/8815c618cc832aa5/files/0958a5e0c831126100c8c2d06a6bbaa665a3900f21aaff4130238a6f5a113aa1 [stream]
[debug] [2021-01-28T10:50:57.245Z] <<< [apiv2][status] POST https://upload-firebasehosting.googleapis.com/upload/sites/evernote-93089/versions/8815c618cc832aa5/files/3aa923d8dd62d487575b815db41a752880aaca2919deb55520e8df0ab128b2d8 200
[debug] [2021-01-28T10:50:57.245Z] <<< [apiv2][body] POST https://upload-firebasehosting.googleapis.com/upload/sites/evernote-93089/versions/8815c618cc832aa5/files/3aa923d8dd62d487575b815db41a752880aaca2919deb55520e8df0ab128b2d8 [stream]
[debug] [2021-01-28T10:50:57.410Z] <<< [apiv2][status] POST https://upload-firebasehosting.googleapis.com/upload/sites/evernote-93089/versions/8815c618cc832aa5/files/2b60725741d8fb3ed1cf25dc37040b449dad6bfe90aa046c25ff5d3d8a706798 200
[debug] [2021-01-28T10:50:57.411Z] <<< [apiv2][body] POST https://upload-firebasehosting.googleapis.com/upload/sites/evernote-93089/versions/8815c618cc832aa5/files/2b60725741d8fb3ed1cf25dc37040b449dad6bfe90aa046c25ff5d3d8a706798 [stream]
[debug] [2021-01-28T10:51:01.412Z] <<< [apiv2][status] POST https://upload-firebasehosting.googleapis.com/upload/sites/evernote-93089/versions/8815c618cc832aa5/files/366073c31348ca13ffafd683552ec2e4e98c46bda13d82fe296c562898fe5157 200
[debug] [2021-01-28T10:51:01.412Z] <<< [apiv2][body] POST https://upload-firebasehosting.googleapis.com/upload/sites/evernote-93089/versions/8815c618cc832aa5/files/366073c31348ca13ffafd683552ec2e4e98c46bda13d82fe296c562898fe5157 [stream]
[debug] [2021-01-28T10:51:06.420Z] <<< [apiv2][status] POST https://upload-firebasehosting.googleapis.com/upload/sites/evernote-93089/versions/8815c618cc832aa5/files/3be69329d7755ce5ab74bde2ea1492996b63ae788b7a1823964007f374c5eee2 200
[debug] [2021-01-28T10:51:06.421Z] <<< [apiv2][body] POST https://upload-firebasehosting.googleapis.com/upload/sites/evernote-93089/versions/8815c618cc832aa5/files/3be69329d7755ce5ab74bde2ea1492996b63ae788b7a1823964007f374c5eee2 [stream]
[debug] [2021-01-28T10:51:06.421Z] [hosting][upload queue][FINAL] {"max":12202,"min":2493,"avg":3508.8333333333335,"active":0,"complete":18,"success":18,"errored":0,"retried":0,"total":18,"elapsed":12206}
[info] ✔  hosting[evernote-93089]: file upload complete 
[debug] [2021-01-28T10:51:06.423Z] [hosting] deploy completed after 15526ms
[debug] [2021-01-28T10:51:06.979Z] [
  {
    "config": {
      "public": "build",
      "ignore": [
        "firebase.json",
        "**/.*",
        "**/node_modules/**"
      ],
      "rewrites": [
        {
          "source": "**",
          "destination": "/index.html"
        }
      ],
      "site": "evernote-93089"
    },
    "site": "evernote-93089",
    "version": "sites/evernote-93089/versions/8815c618cc832aa5"
  }
]
[info] i  hosting[evernote-93089]: finalizing version... 
[debug] [2021-01-28T10:51:06.982Z] > refreshing access token with scopes: ["email","https://www.googleapis.com/auth/cloud-platform","https://www.googleapis.com/auth/cloudplatformprojects.readonly","https://www.googleapis.com/auth/firebase","openid"]
[debug] [2021-01-28T10:51:06.982Z] >>> HTTP REQUEST POST https://www.googleapis.com/oauth2/v3/token  
 <request body omitted>
[debug] [2021-01-28T10:51:07.469Z] <<< HTTP RESPONSE 200 {"expires":"Mon, 01 Jan 1990 00:00:00 GMT","date":"Thu, 28 Jan 2021 10:51:07 GMT","cache-control":"no-cache, no-store, max-age=0, must-revalidate","pragma":"no-cache","content-type":"application/json; charset=utf-8","vary":"X-Origin, Referer, Origin,Accept-Encoding","server":"scaffolding on HTTPServer2","x-xss-protection":"0","x-frame-options":"SAMEORIGIN","x-content-type-options":"nosniff","alt-svc":"h3-29=\":443\"; ma=2592000,h3-T051=\":443\"; ma=2592000,h3-Q050=\":443\"; ma=2592000,h3-Q046=\":443\"; ma=2592000,h3-Q043=\":443\"; ma=2592000,quic=\":443\"; ma=2592000; v=\"46,43\"","accept-ranges":"none","transfer-encoding":"chunked"}
[debug] [2021-01-28T10:51:07.557Z] >>> HTTP REQUEST PATCH https://firebasehosting.googleapis.com/v1beta1/sites/evernote-93089/versions/8815c618cc832aa5?updateMask=status  
 {"status":"FINALIZED"}
